[2026-05-19 14:05:42] REGISTER_USER: ID: USR007, Username: zidan
[2026-05-19 14:11:21] CHANGE_PASSWORD: User ID: USR007
[2026-05-19 14:17:54] SORT_IPHONE: Nama ASC (Selection Sort)
[2026-05-19 14:27:51] SORT_IPHONE: Nama ASC (Selection Sort)
[2026-05-19 14:28:19] SORT_IPHONE: Nama ASC (Selection Sort)
[2026-05-19 14:33:03] RETURN_IPHONE: ID: RNT008, Denda: Rp0
[2026-05-19 14:33:32] LAPORAN: Report generated
[2026-05-19 14:35:48] TAMBAH_IPHONE: ID: IP007, Nama: das
[2026-05-19 14:40:23] HAPUS_IPHONE: ID: IP007, Nama: das
[2026-05-19 14:44:07] TAMBAH_IPHONE: ID: IP007, Nama: iPhone 16 Pro Max
[2026-05-19 14:47:51] SORT_IPHONE: Nama ASC (Selection Sort)
[2026-05-19 14:51:24] SORT_IPHONE: Storage ASC (Selection Sort)
[2026-05-19 14:55:05] SORT_IPHONE: Storage ASC (Selection Sort)
[2026-05-19 15:04:02] SORT_IPHONE: Storage ASC (Selection Sort)
[2026-05-19 15:04:47] SORT_IPHONE: Storage ASC (Selection Sort)
[2026-05-19 17:12:23] SORT_IPHONE: Storage ASC (Selection Sort)
[2026-05-19 17:28:49] CANCEL_RESERVATION: ID: RSV004, User: USR006
[2026-05-19 17:29:03] LAPORAN: Report generated
[2026-05-19 17:31:42] TAMBAH_USER: ID: USR008, Username: jawa
[2026-05-19 17:34:54] TAMBAH_USER: ID: USR009, Username: nah itu dia
[2026-05-19 17:40:09] LAPORAN: Report generated
[2026-05-19 17:41:49] LAPORAN: Report generated
[2026-05-19 18:11:12] LAPORAN: Overview generated
[2026-05-19 18:11:12] LAPORAN: Monthly generated
[2026-05-19 18:11:12] LAPORAN: Per-phone generated
[2026-05-19 18:11:12] LAPORAN: Per-user generated
[2026-05-19 18:11:14] LAPORAN: Overview generated
[2026-05-19 18:11:14] LAPORAN: Monthly generated
[2026-05-19 18:11:14] LAPORAN: Per-phone generated
[2026-05-19 18:11:14] LAPORAN: Per-user generated
[2026-05-19 18:11:14] LAPORAN: Overview generated
[2026-05-19 18:11:14] LAPORAN: Monthly generated
[2026-05-19 18:11:14] LAPORAN: Per-phone generated
[2026-05-19 18:11:14] LAPORAN: Per-user generated
[2026-05-19 18:11:15] LAPORAN: Overview generated
[2026-05-19 18:11:15] LAPORAN: Monthly generated
[2026-05-19 18:11:15] LAPORAN: Per-phone generated
[2026-05-19 18:11:15] LAPORAN: Per-user generated
[2026-05-19 18:12:49] LAPORAN: Overview generated
[2026-05-19 18:12:53] LAPORAN: Monthly generated
[2026-05-19 18:12:56] LAPORAN: Per-phone generated
[2026-05-19 18:13:03] LAPORAN: Per-user generated
[2026-05-19 18:13:04] LAPORAN: Per-user generated
[2026-05-19 18:13:17] EKSPOR: Full report exported to /home/zak/Work/kuliah/semester2/praktikum/apl/projek-akhir/proyek-akhir-apl/data/reports/2026-05-19-laporan.txt
[2026-05-19 18:45:35] LAPORAN: Overview generated
[2026-05-19 18:45:43] LAPORAN: Monthly generated
[2026-05-19 18:47:42] LAPORAN: Monthly generated
[2026-05-19 18:49:47] LAPORAN: Per-phone generated
[2026-05-19 18:50:29] LAPORAN: Per-user generated
[2026-05-19 20:34:12] VIP_TOGGLE: User ID: USR007, VIP: true
[2026-05-19 21:10:48] REGISTER_USER: ID: USR010, Username: sifwah
[2026-05-19 21:15:05] SEWA_IPHONE: ID: RNT009, iPhone: iPhone 16 Pro Max
[2026-05-19 21:16:11] CHANGE_PASSWORD: User ID: USR010
